  [1m[35m (141.7ms)[0m  [1m[35mCREATE DATABASE "split_dice_development" ENCODING = 'utf8'[0m
  ↳ bin/rails:9
  [1m[35m (170.9ms)[0m  [1m[35mCREATE DATABASE "split_dice_test" ENCODING = 'utf8'[0m
  ↳ bin/rails:9
  [1m[35m (20.5ms)[0m  [1m[35mCREATE TABLE "schema_migrations" ("version" character varying NOT NULL PRIMARY KEY)[0m
  ↳ bin/rails:9
  [1m[35m (5.7ms)[0m  [1m[35mCREATE TABLE "ar_internal_metadata" ("key" character varying NOT NULL PRIMARY KEY, "value" character varying, "created_at" timestamp NOT NULL, "updated_at" timestamp NOT NULL)[0m
  ↳ bin/rails:9
  [1m[35m (0.7ms)[0m  [1m[34mSELECT pg_try_advisory_lock(4786707013890313785)[0m
  ↳ bin/rails:9
  [1m[35m (0.6ms)[0m  [1m[34mSELECT "schema_migrations"."version" FROM "schema_migrations" ORDER BY "schema_migrations"."version" ASC[0m
  ↳ bin/rails:9
Migrating to CreateUsers (20210510191756)
  [1m[35m (0.1ms)[0m  [1m[35mBEGIN[0m
  ↳ bin/rails:9
  [1m[35m (7.8ms)[0m  [1m[35mCREATE TABLE "users" ("id" bigserial primary key, "username" character varying NOT NULL, "email" character varying NOT NULL, "password_digest" character varying NOT NULL, "session_token" character varying NOT NULL, "created_at" timestamp NOT NULL, "updated_at" timestamp NOT NULL)[0m
  ↳ db/migrate/20210510191756_create_users.rb:3
  [1m[35m (2.8ms)[0m  [1m[35mCREATE UNIQUE INDEX  "index_users_on_username" ON "users"  ("username")[0m
  ↳ db/migrate/20210510191756_create_users.rb:11
  [1m[35m (0.9ms)[0m  [1m[35mCREATE UNIQUE INDEX  "index_users_on_email" ON "users"  ("email")[0m
  ↳ db/migrate/20210510191756_create_users.rb:12
  [1m[35m (0.9ms)[0m  [1m[35mCREATE UNIQUE INDEX  "index_users_on_session_token" ON "users"  ("session_token")[0m
  ↳ db/migrate/20210510191756_create_users.rb:13
  [1m[36mActiveRecord::SchemaMigration Create (1.4ms)[0m  [1m[32mINSERT INTO "schema_migrations" ("version") VALUES ($1) RETURNING "version"[0m  [["version", "20210510191756"]]
  ↳ bin/rails:9
  [1m[35m (0.9ms)[0m  [1m[35mCOMMIT[0m
  ↳ bin/rails:9
  [1m[36mActiveRecord::InternalMetadata Load (0.7ms)[0m  [1m[34mSELECT  "ar_internal_metadata".* FROM "ar_internal_metadata" WHERE "ar_internal_metadata"."key" = $1 LIMIT $2[0m  [["key", "environment"], ["LIMIT", 1]]
  ↳ bin/rails:9
  [1m[35m (0.1ms)[0m  [1m[35mBEGIN[0m
  ↳ bin/rails:9
  [1m[36mActiveRecord::InternalMetadata Create (0.4ms)[0m  [1m[32mINSERT INTO "ar_internal_metadata" ("key", "value", "created_at", "updated_at") VALUES ($1, $2, $3, $4) RETURNING "key"[0m  [["key", "environment"], ["value", "development"], ["created_at", "2021-05-10 19:22:50.608200"], ["updated_at", "2021-05-10 19:22:50.608200"]]
  ↳ bin/rails:9
  [1m[35m (0.3ms)[0m  [1m[35mCOMMIT[0m
  ↳ bin/rails:9
  [1m[35m (0.2ms)[0m  [1m[34mSELECT pg_advisory_unlock(4786707013890313785)[0m
  ↳ bin/rails:9
  [1m[35m (0.2ms)[0m  [1m[34mSELECT "schema_migrations"."version" FROM "schema_migrations" ORDER BY "schema_migrations"."version" ASC[0m
  ↳ bin/rails:9
Started GET "/" for ::1 at 2021-05-10 15:58:26 -0400
  [1m[35m (1.2ms)[0m  [1m[34mSELECT "schema_migrations"."version" FROM "schema_migrations" ORDER BY "schema_migrations"."version" ASC[0m
  ↳ /Users/minwang/.rbenv/versions/2.5.1/lib/ruby/gems/2.5.0/gems/activerecord-5.2.5/lib/active_record/log_subscriber.rb:98
Processing by StaticPagesController#root as HTML
  Rendering static_pages/root.html.erb within layouts/application
  Rendered static_pages/root.html.erb within layouts/application (1.3ms)
Completed 200 OK in 967ms (Views: 952.9ms | ActiveRecord: 0.0ms)


Started GET "/" for ::1 at 2021-05-10 15:58:59 -0400
Processing by StaticPagesController#root as HTML
  Rendering static_pages/root.html.erb within layouts/application
  Rendered static_pages/root.html.erb within layouts/application (0.3ms)
Completed 200 OK in 36ms (Views: 31.9ms | ActiveRecord: 0.0ms)


Started GET "/" for ::1 at 2021-05-10 17:32:22 -0400
Processing by StaticPagesController#root as HTML
  Rendering static_pages/root.html.erb within layouts/application
  Rendered static_pages/root.html.erb within layouts/application (1.2ms)
Completed 200 OK in 422ms (Views: 414.8ms | ActiveRecord: 0.0ms)


Started GET "/" for ::1 at 2021-05-10 17:51:23 -0400
Processing by StaticPagesController#root as HTML
  Rendering static_pages/root.html.erb within layouts/application
  Rendered static_pages/root.html.erb within layouts/application (4.5ms)
Completed 200 OK in 360ms (Views: 349.7ms | ActiveRecord: 0.0ms)


Started GET "/" for ::1 at 2021-05-10 17:56:30 -0400
Processing by StaticPagesController#root as HTML
  Rendering static_pages/root.html.erb within layouts/application
  Rendered static_pages/root.html.erb within layouts/application (1.7ms)
Completed 200 OK in 409ms (Views: 401.5ms | ActiveRecord: 0.0ms)


Started GET "/" for ::1 at 2021-05-10 20:53:49 -0400
Processing by StaticPagesController#root as HTML
  Rendering static_pages/root.html.erb within layouts/application
  Rendered static_pages/root.html.erb within layouts/application (3.5ms)
Completed 200 OK in 494ms (Views: 482.1ms | ActiveRecord: 0.0ms)


Started GET "/" for ::1 at 2021-05-10 20:54:18 -0400
Processing by StaticPagesController#root as HTML
  Rendering static_pages/root.html.erb within layouts/application
  Rendered static_pages/root.html.erb within layouts/application (0.4ms)
Completed 200 OK in 68ms (Views: 63.4ms | ActiveRecord: 0.0ms)


Started GET "/" for ::1 at 2021-05-10 21:05:08 -0400
Processing by StaticPagesController#root as HTML
  Rendering static_pages/root.html.erb within layouts/application
  Rendered static_pages/root.html.erb within layouts/application (1.3ms)
Completed 200 OK in 106ms (Views: 99.9ms | ActiveRecord: 0.0ms)


Started GET "/" for ::1 at 2021-05-10 21:05:34 -0400
Processing by StaticPagesController#root as HTML
  Rendering static_pages/root.html.erb within layouts/application
  Rendered static_pages/root.html.erb within layouts/application (0.3ms)
Completed 200 OK in 41ms (Views: 37.1ms | ActiveRecord: 0.0ms)


Started GET "/" for ::1 at 2021-05-10 21:06:09 -0400
Processing by StaticPagesController#root as HTML
  Rendering static_pages/root.html.erb within layouts/application
  Rendered static_pages/root.html.erb within layouts/application (0.3ms)
Completed 200 OK in 66ms (Views: 40.5ms | ActiveRecord: 0.0ms)


Started GET "/" for ::1 at 2021-05-10 21:06:25 -0400
Processing by StaticPagesController#root as HTML
  Rendering static_pages/root.html.erb within layouts/application
  Rendered static_pages/root.html.erb within layouts/application (1.1ms)
Completed 200 OK in 313ms (Views: 309.9ms | ActiveRecord: 0.0ms)


Started GET "/" for ::1 at 2021-05-10 21:10:05 -0400
Processing by StaticPagesController#root as HTML
  Rendering static_pages/root.html.erb within layouts/application
  Rendered static_pages/root.html.erb within layouts/application (2.3ms)
Completed 200 OK in 60ms (Views: 50.4ms | ActiveRecord: 0.0ms)


Started GET "/" for ::1 at 2021-05-11 09:49:58 -0400
Processing by StaticPagesController#root as HTML
  Rendering static_pages/root.html.erb within layouts/application
  Rendered static_pages/root.html.erb within layouts/application (2.1ms)
Completed 200 OK in 153ms (Views: 143.4ms | ActiveRecord: 0.0ms)


Started GET "/" for ::1 at 2021-05-11 09:54:32 -0400
Processing by StaticPagesController#root as HTML
  Rendering static_pages/root.html.erb within layouts/application
  Rendered static_pages/root.html.erb within layouts/application (1.9ms)
Completed 200 OK in 99ms (Views: 94.7ms | ActiveRecord: 0.0ms)


Started GET "/" for ::1 at 2021-05-11 09:55:34 -0400
Processing by StaticPagesController#root as HTML
  Rendering static_pages/root.html.erb within layouts/application
  Rendered static_pages/root.html.erb within layouts/application (1.0ms)
Completed 200 OK in 48ms (Views: 43.9ms | ActiveRecord: 0.0ms)


Started GET "/" for ::1 at 2021-05-11 10:01:24 -0400
Processing by StaticPagesController#root as HTML
  Rendering static_pages/root.html.erb within layouts/application
  Rendered static_pages/root.html.erb within layouts/application (2.9ms)
Completed 200 OK in 108ms (Views: 99.9ms | ActiveRecord: 0.0ms)


Started GET "/" for ::1 at 2021-05-11 10:08:48 -0400
Processing by StaticPagesController#root as HTML
  Rendering static_pages/root.html.erb within layouts/application
  Rendered static_pages/root.html.erb within layouts/application (2.0ms)
Completed 200 OK in 175ms (Views: 167.1ms | ActiveRecord: 0.0ms)


Started GET "/" for ::1 at 2021-05-11 10:28:41 -0400
Processing by StaticPagesController#root as HTML
  Rendering static_pages/root.html.erb within layouts/application
  [1m[36mUser Load (9.7ms)[0m  [1m[34mSELECT  "users".* FROM "users" WHERE "users"."session_token" IS NULL LIMIT $1[0m  [["LIMIT", 1]]
  ↳ app/controllers/application_controller.rb:7
  Rendered static_pages/root.html.erb within layouts/application (191.2ms)
Completed 200 OK in 270ms (Views: 219.4ms | ActiveRecord: 42.4ms)


  [1m[36mUser Load (1.0ms)[0m  [1m[34mSELECT "users".* FROM "users"[0m
  [1m[35m (5.2ms)[0m  [1m[35mBEGIN[0m
  [1m[36mUser Exists (5.4ms)[0m  [1m[34mSELECT  1 AS one FROM "users" WHERE "users"."username" = $1 LIMIT $2[0m  [["username", "min"], ["LIMIT", 1]]
  [1m[36mUser Create (14.2ms)[0m  [1m[32mINSERT INTO "users" ("username", "email", "password_digest", "session_token", "created_at", "updated_at") VALUES ($1, $2, $3, $4, $5, $6) RETURNING "id"[0m  [["username", "min"], ["email", "dsaas"], ["password_digest", "$2a$12$awHs/ETY/gOPRwmnnCMNfesKhOUyzQE8Mkre8I/PnIblANRKH4t2W"], ["session_token", "XH8f_SpveQ4wcRCNL2QxJg"], ["created_at", "2021-05-11 14:49:45.072427"], ["updated_at", "2021-05-11 14:49:45.072427"]]
  [1m[35m (5.5ms)[0m  [1m[35mCOMMIT[0m
  [1m[36mUser Load (0.7ms)[0m  [1m[34mSELECT "users".* FROM "users"[0m
Started GET "/" for ::1 at 2021-05-11 10:50:50 -0400
  [1m[35m (3.2ms)[0m  [1m[34mSELECT "schema_migrations"."version" FROM "schema_migrations" ORDER BY "schema_migrations"."version" ASC[0m
  ↳ /Users/minwang/.rbenv/versions/2.5.1/lib/ruby/gems/2.5.0/gems/activerecord-5.2.5/lib/active_record/log_subscriber.rb:98
Processing by StaticPagesController#root as HTML
  Rendering static_pages/root.html.erb within layouts/application
  [1m[36mUser Load (0.9ms)[0m  [1m[34mSELECT  "users".* FROM "users" WHERE "users"."session_token" IS NULL LIMIT $1[0m  [["LIMIT", 1]]
  ↳ app/controllers/application_controller.rb:7
  Rendered static_pages/root.html.erb within layouts/application (8.4ms)
Completed 200 OK in 1164ms (Views: 1156.2ms | ActiveRecord: 2.6ms)


Started GET "/" for ::1 at 2021-05-11 10:52:05 -0400
Processing by StaticPagesController#root as HTML
  Rendering static_pages/root.html.erb within layouts/application
  [1m[36mUser Load (0.6ms)[0m  [1m[34mSELECT  "users".* FROM "users" WHERE "users"."session_token" IS NULL LIMIT $1[0m  [["LIMIT", 1]]
  ↳ app/controllers/application_controller.rb:7
  Rendered static_pages/root.html.erb within layouts/application (2.5ms)
Completed 200 OK in 49ms (Views: 45.3ms | ActiveRecord: 0.6ms)


Started GET "/" for ::1 at 2021-05-11 11:56:31 -0400
Processing by StaticPagesController#root as HTML
  Rendering static_pages/root.html.erb within layouts/application
  [1m[36mUser Load (0.7ms)[0m  [1m[34mSELECT  "users".* FROM "users" WHERE "users"."session_token" IS NULL LIMIT $1[0m  [["LIMIT", 1]]
  ↳ app/controllers/application_controller.rb:7
  Rendered static_pages/root.html.erb within layouts/application (11.3ms)
Completed 200 OK in 428ms (Views: 415.5ms | ActiveRecord: 0.9ms)


Started GET "/" for ::1 at 2021-05-11 11:58:54 -0400
Processing by StaticPagesController#root as HTML
  Rendering static_pages/root.html.erb within layouts/application
  [1m[36mUser Load (0.5ms)[0m  [1m[34mSELECT  "users".* FROM "users" WHERE "users"."session_token" IS NULL LIMIT $1[0m  [["LIMIT", 1]]
  ↳ app/controllers/application_controller.rb:7
  Rendered static_pages/root.html.erb within layouts/application (2.7ms)
Completed 200 OK in 351ms (Views: 347.7ms | ActiveRecord: 0.5ms)


Started GET "/" for ::1 at 2021-05-11 11:59:23 -0400
Processing by StaticPagesController#root as HTML
  Rendering static_pages/root.html.erb within layouts/application
  [1m[36mUser Load (0.3ms)[0m  [1m[34mSELECT  "users".* FROM "users" WHERE "users"."session_token" IS NULL LIMIT $1[0m  [["LIMIT", 1]]
  ↳ app/controllers/application_controller.rb:7
  Rendered static_pages/root.html.erb within layouts/application (3.8ms)
Completed 200 OK in 368ms (Views: 361.0ms | ActiveRecord: 0.3ms)


Started GET "/" for ::1 at 2021-05-11 12:09:15 -0400
Processing by StaticPagesController#root as HTML
  Rendering static_pages/root.html.erb within layouts/application
  [1m[36mUser Load (0.6ms)[0m  [1m[34mSELECT  "users".* FROM "users" WHERE "users"."session_token" IS NULL LIMIT $1[0m  [["LIMIT", 1]]
  ↳ app/controllers/application_controller.rb:7
  Rendered static_pages/root.html.erb within layouts/application (5.0ms)
Completed 200 OK in 348ms (Views: 342.7ms | ActiveRecord: 0.8ms)


Started GET "/" for ::1 at 2021-05-11 12:14:41 -0400
Processing by StaticPagesController#root as HTML
  Rendering static_pages/root.html.erb within layouts/application
  [1m[36mUser Load (0.6ms)[0m  [1m[34mSELECT  "users".* FROM "users" WHERE "users"."session_token" IS NULL LIMIT $1[0m  [["LIMIT", 1]]
  ↳ app/controllers/application_controller.rb:7
  Rendered static_pages/root.html.erb within layouts/application (10.9ms)
Completed 200 OK in 63ms (Views: 56.0ms | ActiveRecord: 0.6ms)


Started GET "/" for ::1 at 2021-05-11 12:15:39 -0400
Processing by StaticPagesController#root as HTML
  Rendering static_pages/root.html.erb within layouts/application
  [1m[36mUser Load (0.7ms)[0m  [1m[34mSELECT  "users".* FROM "users" WHERE "users"."session_token" IS NULL LIMIT $1[0m  [["LIMIT", 1]]
  ↳ app/controllers/application_controller.rb:7
  Rendered static_pages/root.html.erb within layouts/application (2.4ms)
Completed 200 OK in 93ms (Views: 88.7ms | ActiveRecord: 0.7ms)


Started GET "/" for ::1 at 2021-05-11 12:34:46 -0400

AbstractController::ActionNotFound - The action 'root' could not be found for StaticPagesController:

Started POST "/__better_errors/2959a7af13eca115/variables" for ::1 at 2021-05-11 12:34:47 -0400
Started GET "/" for ::1 at 2021-05-11 12:48:18 -0400

AbstractController::ActionNotFound - The action 'root' could not be found for StaticPagesController:

Started POST "/__better_errors/16104d3adea4ab3a/variables" for ::1 at 2021-05-11 12:48:18 -0400
Started GET "/" for ::1 at 2021-05-11 13:12:36 -0400
Processing by StaticPagesController#home as HTML
  Rendering static_pages/home.html.erb within layouts/application
  [1m[36mUser Load (0.7ms)[0m  [1m[34mSELECT  "users".* FROM "users" WHERE "users"."session_token" IS NULL LIMIT $1[0m  [["LIMIT", 1]]
  ↳ app/controllers/application_controller.rb:7
  Rendered static_pages/home.html.erb within layouts/application (24.4ms)
Completed 200 OK in 362ms (Views: 347.6ms | ActiveRecord: 9.8ms)


Started GET "/" for ::1 at 2021-05-11 13:21:01 -0400
Processing by StaticPagesController#home as HTML
  Rendering static_pages/home.html.erb within layouts/application
  [1m[36mUser Load (0.9ms)[0m  [1m[34mSELECT  "users".* FROM "users" WHERE "users"."session_token" IS NULL LIMIT $1[0m  [["LIMIT", 1]]
  ↳ app/controllers/application_controller.rb:7
  Rendered static_pages/home.html.erb within layouts/application (7.1ms)
Completed 200 OK in 365ms (Views: 357.9ms | ActiveRecord: 1.1ms)


Started GET "/" for ::1 at 2021-05-11 13:24:21 -0400
Processing by StaticPagesController#home as HTML
  Rendering static_pages/home.html.erb within layouts/application
  [1m[36mUser Load (0.6ms)[0m  [1m[34mSELECT  "users".* FROM "users" WHERE "users"."session_token" IS NULL LIMIT $1[0m  [["LIMIT", 1]]
  ↳ app/controllers/application_controller.rb:7
  Rendered static_pages/home.html.erb within layouts/application (9.7ms)
Completed 200 OK in 429ms (Views: 420.2ms | ActiveRecord: 0.6ms)


Started GET "/" for ::1 at 2021-05-11 13:28:32 -0400
Processing by StaticPagesController#home as HTML
  Rendering static_pages/home.html.erb within layouts/application
  [1m[36mUser Load (0.6ms)[0m  [1m[34mSELECT  "users".* FROM "users" WHERE "users"."session_token" IS NULL LIMIT $1[0m  [["LIMIT", 1]]
  ↳ app/controllers/application_controller.rb:7
  Rendered static_pages/home.html.erb within layouts/application (2.9ms)
Completed 200 OK in 39ms (Views: 34.3ms | ActiveRecord: 0.6ms)


Started GET "/" for ::1 at 2021-05-11 13:34:20 -0400
Processing by StaticPagesController#home as HTML
  Rendering static_pages/home.html.erb within layouts/application
  [1m[36mUser Load (0.8ms)[0m  [1m[34mSELECT  "users".* FROM "users" WHERE "users"."session_token" IS NULL LIMIT $1[0m  [["LIMIT", 1]]
  ↳ app/controllers/application_controller.rb:7
  Rendered static_pages/home.html.erb within layouts/application (3.5ms)
Completed 200 OK in 364ms (Views: 360.0ms | ActiveRecord: 1.0ms)


Started GET "/" for ::1 at 2021-05-11 13:34:40 -0400
Processing by StaticPagesController#home as HTML
  Rendering static_pages/home.html.erb within layouts/application
  [1m[36mUser Load (0.3ms)[0m  [1m[34mSELECT  "users".* FROM "users" WHERE "users"."session_token" IS NULL LIMIT $1[0m  [["LIMIT", 1]]
  ↳ app/controllers/application_controller.rb:7
  Rendered static_pages/home.html.erb within layouts/application (1.9ms)
Completed 200 OK in 37ms (Views: 32.8ms | ActiveRecord: 0.3ms)


Started GET "/" for ::1 at 2021-05-11 13:41:56 -0400
Processing by StaticPagesController#home as HTML
  Rendering static_pages/home.html.erb within layouts/application
  [1m[36mUser Load (0.6ms)[0m  [1m[34mSELECT  "users".* FROM "users" WHERE "users"."session_token" IS NULL LIMIT $1[0m  [["LIMIT", 1]]
  ↳ app/controllers/application_controller.rb:7
  Rendered static_pages/home.html.erb within layouts/application (4.4ms)
Completed 200 OK in 330ms (Views: 324.5ms | ActiveRecord: 0.9ms)


Started POST "/api/user" for ::1 at 2021-05-11 13:42:27 -0400
  
ActionController::RoutingError (No route matches [POST] "/api/user"):
  
actionpack (5.2.5) lib/action_dispatch/middleware/debug_exceptions.rb:65:in `call'
web-console (3.7.0) lib/web_console/middleware.rb:135:in `call_app'
web-console (3.7.0) lib/web_console/middleware.rb:30:in `block in call'
web-console (3.7.0) lib/web_console/middleware.rb:20:in `catch'
web-console (3.7.0) lib/web_console/middleware.rb:20:in `call'
actionpack (5.2.5) lib/action_dispatch/middleware/show_exceptions.rb:33:in `call'
railties (5.2.5) lib/rails/rack/logger.rb:38:in `call_app'
railties (5.2.5) lib/rails/rack/logger.rb:26:in `block in call'
activesupport (5.2.5) lib/active_support/tagged_logging.rb:71:in `block in tagged'
activesupport (5.2.5) lib/active_support/tagged_logging.rb:28:in `tagged'
activesupport (5.2.5) lib/active_support/tagged_logging.rb:71:in `tagged'
railties (5.2.5) lib/rails/rack/logger.rb:26:in `call'
sprockets-rails (3.2.2) lib/sprockets/rails/quiet_assets.rb:13:in `call'
actionpack (5.2.5) lib/action_dispatch/middleware/remote_ip.rb:81:in `call'
actionpack (5.2.5) lib/action_dispatch/middleware/request_id.rb:27:in `call'
rack (2.2.3) lib/rack/method_override.rb:24:in `call'
rack (2.2.3) lib/rack/runtime.rb:22:in `call'
activesupport (5.2.5) lib/active_support/cache/strategy/local_cache_middleware.rb:29:in `call'
actionpack (5.2.5) lib/action_dispatch/middleware/executor.rb:14:in `call'
actionpack (5.2.5) lib/action_dispatch/middleware/static.rb:127:in `call'
rack (2.2.3) lib/rack/sendfile.rb:110:in `call'
railties (5.2.5) lib/rails/engine.rb:524:in `call'
puma (3.12.6) lib/puma/configuration.rb:227:in `call'
puma (3.12.6) lib/puma/server.rb:706:in `handle_request'
puma (3.12.6) lib/puma/server.rb:476:in `process_client'
puma (3.12.6) lib/puma/server.rb:334:in `block in run'
puma (3.12.6) lib/puma/thread_pool.rb:135:in `block in spawn_thread'
Started POST "/api/user" for ::1 at 2021-05-11 13:42:31 -0400
  
ActionController::RoutingError (No route matches [POST] "/api/user"):
  
actionpack (5.2.5) lib/action_dispatch/middleware/debug_exceptions.rb:65:in `call'
web-console (3.7.0) lib/web_console/middleware.rb:135:in `call_app'
web-console (3.7.0) lib/web_console/middleware.rb:30:in `block in call'
web-console (3.7.0) lib/web_console/middleware.rb:20:in `catch'
web-console (3.7.0) lib/web_console/middleware.rb:20:in `call'
actionpack (5.2.5) lib/action_dispatch/middleware/show_exceptions.rb:33:in `call'
railties (5.2.5) lib/rails/rack/logger.rb:38:in `call_app'
railties (5.2.5) lib/rails/rack/logger.rb:26:in `block in call'
activesupport (5.2.5) lib/active_support/tagged_logging.rb:71:in `block in tagged'
activesupport (5.2.5) lib/active_support/tagged_logging.rb:28:in `tagged'
activesupport (5.2.5) lib/active_support/tagged_logging.rb:71:in `tagged'
railties (5.2.5) lib/rails/rack/logger.rb:26:in `call'
sprockets-rails (3.2.2) lib/sprockets/rails/quiet_assets.rb:13:in `call'
actionpack (5.2.5) lib/action_dispatch/middleware/remote_ip.rb:81:in `call'
actionpack (5.2.5) lib/action_dispatch/middleware/request_id.rb:27:in `call'
rack (2.2.3) lib/rack/method_override.rb:24:in `call'
rack (2.2.3) lib/rack/runtime.rb:22:in `call'
activesupport (5.2.5) lib/active_support/cache/strategy/local_cache_middleware.rb:29:in `call'
actionpack (5.2.5) lib/action_dispatch/middleware/executor.rb:14:in `call'
actionpack (5.2.5) lib/action_dispatch/middleware/static.rb:127:in `call'
rack (2.2.3) lib/rack/sendfile.rb:110:in `call'
railties (5.2.5) lib/rails/engine.rb:524:in `call'
puma (3.12.6) lib/puma/configuration.rb:227:in `call'
puma (3.12.6) lib/puma/server.rb:706:in `handle_request'
puma (3.12.6) lib/puma/server.rb:476:in `process_client'
puma (3.12.6) lib/puma/server.rb:334:in `block in run'
puma (3.12.6) lib/puma/thread_pool.rb:135:in `block in spawn_thread'
Started GET "/" for ::1 at 2021-05-11 13:42:40 -0400
Processing by StaticPagesController#home as HTML
  Rendering static_pages/home.html.erb within layouts/application
  [1m[36mUser Load (0.7ms)[0m  [1m[34mSELECT  "users".* FROM "users" WHERE "users"."session_token" IS NULL LIMIT $1[0m  [["LIMIT", 1]]
  ↳ app/controllers/application_controller.rb:7
  Rendered static_pages/home.html.erb within layouts/application (3.7ms)
Completed 200 OK in 47ms (Views: 40.1ms | ActiveRecord: 1.0ms)


Started GET "/" for ::1 at 2021-05-11 13:43:44 -0400
Processing by StaticPagesController#home as HTML
  Rendering static_pages/home.html.erb within layouts/application
  [1m[36mUser Load (1.2ms)[0m  [1m[34mSELECT  "users".* FROM "users" WHERE "users"."session_token" IS NULL LIMIT $1[0m  [["LIMIT", 1]]
  ↳ app/controllers/application_controller.rb:7
  Rendered static_pages/home.html.erb within layouts/application (5.1ms)
Completed 200 OK in 374ms (Views: 368.7ms | ActiveRecord: 2.0ms)


Started GET "/" for ::1 at 2021-05-11 13:44:13 -0400
Processing by StaticPagesController#home as HTML
  Rendering static_pages/home.html.erb within layouts/application
  [1m[36mUser Load (0.4ms)[0m  [1m[34mSELECT  "users".* FROM "users" WHERE "users"."session_token" IS NULL LIMIT $1[0m  [["LIMIT", 1]]
  ↳ app/controllers/application_controller.rb:7
  Rendered static_pages/home.html.erb within layouts/application (1.8ms)
Completed 200 OK in 308ms (Views: 303.6ms | ActiveRecord: 0.4ms)


Started GET "/" for ::1 at 2021-05-11 13:45:04 -0400
Processing by StaticPagesController#home as HTML
  Rendering static_pages/home.html.erb within layouts/application
  [1m[36mUser Load (0.3ms)[0m  [1m[34mSELECT  "users".* FROM "users" WHERE "users"."session_token" IS NULL LIMIT $1[0m  [["LIMIT", 1]]
  ↳ app/controllers/application_controller.rb:7
  Rendered static_pages/home.html.erb within layouts/application (1.4ms)
Completed 200 OK in 320ms (Views: 316.5ms | ActiveRecord: 0.3ms)


Started GET "/" for ::1 at 2021-05-11 13:47:27 -0400
Processing by StaticPagesController#home as HTML
  Rendering static_pages/home.html.erb within layouts/application
  [1m[36mUser Load (0.6ms)[0m  [1m[34mSELECT  "users".* FROM "users" WHERE "users"."session_token" IS NULL LIMIT $1[0m  [["LIMIT", 1]]
  ↳ app/controllers/application_controller.rb:7
  Rendered static_pages/home.html.erb within layouts/application (13.1ms)
Completed 200 OK in 72ms (Views: 63.2ms | ActiveRecord: 0.6ms)


Started GET "/" for ::1 at 2021-05-11 14:17:12 -0400
Processing by StaticPagesController#home as HTML
  Rendering static_pages/home.html.erb within layouts/application
  [1m[36mUser Load (0.8ms)[0m  [1m[34mSELECT  "users".* FROM "users" WHERE "users"."session_token" IS NULL LIMIT $1[0m  [["LIMIT", 1]]
  ↳ app/controllers/application_controller.rb:7
  Rendered static_pages/home.html.erb within layouts/application (10.3ms)
Completed 200 OK in 379ms (Views: 367.4ms | ActiveRecord: 1.0ms)


Started GET "/" for ::1 at 2021-05-11 14:17:15 -0400
Processing by StaticPagesController#home as HTML
  Rendering static_pages/home.html.erb within layouts/application
  [1m[36mUser Load (0.5ms)[0m  [1m[34mSELECT  "users".* FROM "users" WHERE "users"."session_token" IS NULL LIMIT $1[0m  [["LIMIT", 1]]
  ↳ app/controllers/application_controller.rb:7
  Rendered static_pages/home.html.erb within layouts/application (3.2ms)
Completed 200 OK in 33ms (Views: 27.3ms | ActiveRecord: 0.5ms)


Started POST "/api/user" for ::1 at 2021-05-11 14:17:22 -0400
  
ActionController::RoutingError (No route matches [POST] "/api/user"):
  
actionpack (5.2.5) lib/action_dispatch/middleware/debug_exceptions.rb:65:in `call'
web-console (3.7.0) lib/web_console/middleware.rb:135:in `call_app'
web-console (3.7.0) lib/web_console/middleware.rb:30:in `block in call'
web-console (3.7.0) lib/web_console/middleware.rb:20:in `catch'
web-console (3.7.0) lib/web_console/middleware.rb:20:in `call'
actionpack (5.2.5) lib/action_dispatch/middleware/show_exceptions.rb:33:in `call'
railties (5.2.5) lib/rails/rack/logger.rb:38:in `call_app'
railties (5.2.5) lib/rails/rack/logger.rb:26:in `block in call'
activesupport (5.2.5) lib/active_support/tagged_logging.rb:71:in `block in tagged'
activesupport (5.2.5) lib/active_support/tagged_logging.rb:28:in `tagged'
activesupport (5.2.5) lib/active_support/tagged_logging.rb:71:in `tagged'
railties (5.2.5) lib/rails/rack/logger.rb:26:in `call'
sprockets-rails (3.2.2) lib/sprockets/rails/quiet_assets.rb:13:in `call'
actionpack (5.2.5) lib/action_dispatch/middleware/remote_ip.rb:81:in `call'
actionpack (5.2.5) lib/action_dispatch/middleware/request_id.rb:27:in `call'
rack (2.2.3) lib/rack/method_override.rb:24:in `call'
rack (2.2.3) lib/rack/runtime.rb:22:in `call'
activesupport (5.2.5) lib/active_support/cache/strategy/local_cache_middleware.rb:29:in `call'
actionpack (5.2.5) lib/action_dispatch/middleware/executor.rb:14:in `call'
actionpack (5.2.5) lib/action_dispatch/middleware/static.rb:127:in `call'
rack (2.2.3) lib/rack/sendfile.rb:110:in `call'
railties (5.2.5) lib/rails/engine.rb:524:in `call'
puma (3.12.6) lib/puma/configuration.rb:227:in `call'
puma (3.12.6) lib/puma/server.rb:706:in `handle_request'
puma (3.12.6) lib/puma/server.rb:476:in `process_client'
puma (3.12.6) lib/puma/server.rb:334:in `block in run'
puma (3.12.6) lib/puma/thread_pool.rb:135:in `block in spawn_thread'
Started GET "/" for ::1 at 2021-05-11 14:17:35 -0400
Processing by StaticPagesController#home as HTML
  Rendering static_pages/home.html.erb within layouts/application
  [1m[36mUser Load (0.4ms)[0m  [1m[34mSELECT  "users".* FROM "users" WHERE "users"."session_token" IS NULL LIMIT $1[0m  [["LIMIT", 1]]
  ↳ app/controllers/application_controller.rb:7
  Rendered static_pages/home.html.erb within layouts/application (2.4ms)
Completed 200 OK in 40ms (Views: 36.5ms | ActiveRecord: 0.4ms)


Started POST "/api/user" for ::1 at 2021-05-11 14:17:48 -0400
  
ActionController::RoutingError (No route matches [POST] "/api/user"):
  
actionpack (5.2.5) lib/action_dispatch/middleware/debug_exceptions.rb:65:in `call'
web-console (3.7.0) lib/web_console/middleware.rb:135:in `call_app'
web-console (3.7.0) lib/web_console/middleware.rb:30:in `block in call'
web-console (3.7.0) lib/web_console/middleware.rb:20:in `catch'
web-console (3.7.0) lib/web_console/middleware.rb:20:in `call'
actionpack (5.2.5) lib/action_dispatch/middleware/show_exceptions.rb:33:in `call'
railties (5.2.5) lib/rails/rack/logger.rb:38:in `call_app'
railties (5.2.5) lib/rails/rack/logger.rb:26:in `block in call'
activesupport (5.2.5) lib/active_support/tagged_logging.rb:71:in `block in tagged'
activesupport (5.2.5) lib/active_support/tagged_logging.rb:28:in `tagged'
activesupport (5.2.5) lib/active_support/tagged_logging.rb:71:in `tagged'
railties (5.2.5) lib/rails/rack/logger.rb:26:in `call'
sprockets-rails (3.2.2) lib/sprockets/rails/quiet_assets.rb:13:in `call'
actionpack (5.2.5) lib/action_dispatch/middleware/remote_ip.rb:81:in `call'
actionpack (5.2.5) lib/action_dispatch/middleware/request_id.rb:27:in `call'
rack (2.2.3) lib/rack/method_override.rb:24:in `call'
rack (2.2.3) lib/rack/runtime.rb:22:in `call'
activesupport (5.2.5) lib/active_support/cache/strategy/local_cache_middleware.rb:29:in `call'
actionpack (5.2.5) lib/action_dispatch/middleware/executor.rb:14:in `call'
actionpack (5.2.5) lib/action_dispatch/middleware/static.rb:127:in `call'
rack (2.2.3) lib/rack/sendfile.rb:110:in `call'
railties (5.2.5) lib/rails/engine.rb:524:in `call'
puma (3.12.6) lib/puma/configuration.rb:227:in `call'
puma (3.12.6) lib/puma/server.rb:706:in `handle_request'
puma (3.12.6) lib/puma/server.rb:476:in `process_client'
puma (3.12.6) lib/puma/server.rb:334:in `block in run'
puma (3.12.6) lib/puma/thread_pool.rb:135:in `block in spawn_thread'
Started GET "/" for ::1 at 2021-05-11 15:02:43 -0400
Processing by StaticPagesController#home as HTML
  Rendering static_pages/home.html.erb within layouts/application
  [1m[36mUser Load (1.0ms)[0m  [1m[34mSELECT  "users".* FROM "users" WHERE "users"."session_token" IS NULL LIMIT $1[0m  [["LIMIT", 1]]
  ↳ app/controllers/application_controller.rb:7
  Rendered static_pages/home.html.erb within layouts/application (26.1ms)
Completed 200 OK in 439ms (Views: 424.6ms | ActiveRecord: 9.6ms)


Started GET "/" for ::1 at 2021-05-11 15:43:43 -0400
Processing by StaticPagesController#home as HTML
  Rendering static_pages/home.html.erb within layouts/application
  [1m[36mUser Load (0.6ms)[0m  [1m[34mSELECT  "users".* FROM "users" WHERE "users"."session_token" IS NULL LIMIT $1[0m  [["LIMIT", 1]]
  ↳ app/controllers/application_controller.rb:7
  Rendered static_pages/home.html.erb within layouts/application (20.7ms)
Completed 200 OK in 483ms (Views: 473.4ms | ActiveRecord: 4.7ms)


Started GET "/" for ::1 at 2021-05-11 16:05:26 -0400
Processing by StaticPagesController#home as HTML
  Rendering static_pages/home.html.erb within layouts/application
  [1m[36mUser Load (1.2ms)[0m  [1m[34mSELECT  "users".* FROM "users" WHERE "users"."session_token" IS NULL LIMIT $1[0m  [["LIMIT", 1]]
  ↳ app/controllers/application_controller.rb:7
  Rendered static_pages/home.html.erb within layouts/application (14.4ms)
Completed 200 OK in 574ms (Views: 559.0ms | ActiveRecord: 1.5ms)


Started POST "/api/user" for ::1 at 2021-05-11 16:06:21 -0400
  
ActionController::RoutingError (No route matches [POST] "/api/user"):
  
actionpack (5.2.5) lib/action_dispatch/middleware/debug_exceptions.rb:65:in `call'
web-console (3.7.0) lib/web_console/middleware.rb:135:in `call_app'
web-console (3.7.0) lib/web_console/middleware.rb:30:in `block in call'
web-console (3.7.0) lib/web_console/middleware.rb:20:in `catch'
web-console (3.7.0) lib/web_console/middleware.rb:20:in `call'
actionpack (5.2.5) lib/action_dispatch/middleware/show_exceptions.rb:33:in `call'
railties (5.2.5) lib/rails/rack/logger.rb:38:in `call_app'
railties (5.2.5) lib/rails/rack/logger.rb:26:in `block in call'
activesupport (5.2.5) lib/active_support/tagged_logging.rb:71:in `block in tagged'
activesupport (5.2.5) lib/active_support/tagged_logging.rb:28:in `tagged'
activesupport (5.2.5) lib/active_support/tagged_logging.rb:71:in `tagged'
railties (5.2.5) lib/rails/rack/logger.rb:26:in `call'
sprockets-rails (3.2.2) lib/sprockets/rails/quiet_assets.rb:13:in `call'
actionpack (5.2.5) lib/action_dispatch/middleware/remote_ip.rb:81:in `call'
actionpack (5.2.5) lib/action_dispatch/middleware/request_id.rb:27:in `call'
rack (2.2.3) lib/rack/method_override.rb:24:in `call'
rack (2.2.3) lib/rack/runtime.rb:22:in `call'
activesupport (5.2.5) lib/active_support/cache/strategy/local_cache_middleware.rb:29:in `call'
actionpack (5.2.5) lib/action_dispatch/middleware/executor.rb:14:in `call'
actionpack (5.2.5) lib/action_dispatch/middleware/static.rb:127:in `call'
rack (2.2.3) lib/rack/sendfile.rb:110:in `call'
railties (5.2.5) lib/rails/engine.rb:524:in `call'
puma (3.12.6) lib/puma/configuration.rb:227:in `call'
puma (3.12.6) lib/puma/server.rb:706:in `handle_request'
puma (3.12.6) lib/puma/server.rb:476:in `process_client'
puma (3.12.6) lib/puma/server.rb:334:in `block in run'
puma (3.12.6) lib/puma/thread_pool.rb:135:in `block in spawn_thread'
Started GET "/" for ::1 at 2021-05-11 16:07:35 -0400
Processing by StaticPagesController#home as HTML
  Rendering static_pages/home.html.erb within layouts/application
  [1m[36mUser Load (0.5ms)[0m  [1m[34mSELECT  "users".* FROM "users" WHERE "users"."session_token" IS NULL LIMIT $1[0m  [["LIMIT", 1]]
  ↳ app/controllers/application_controller.rb:7
  Rendered static_pages/home.html.erb within layouts/application (2.4ms)
Completed 200 OK in 45ms (Views: 41.1ms | ActiveRecord: 0.5ms)


Started GET "/" for ::1 at 2021-05-11 16:07:38 -0400
Processing by StaticPagesController#home as HTML
  Rendering static_pages/home.html.erb within layouts/application
  [1m[36mUser Load (0.5ms)[0m  [1m[34mSELECT  "users".* FROM "users" WHERE "users"."session_token" IS NULL LIMIT $1[0m  [["LIMIT", 1]]
  ↳ app/controllers/application_controller.rb:7
  Rendered static_pages/home.html.erb within layouts/application (4.4ms)
Completed 200 OK in 40ms (Views: 35.7ms | ActiveRecord: 0.5ms)


Started POST "/api/user" for ::1 at 2021-05-11 16:07:41 -0400
  
ActionController::RoutingError (No route matches [POST] "/api/user"):
  
actionpack (5.2.5) lib/action_dispatch/middleware/debug_exceptions.rb:65:in `call'
web-console (3.7.0) lib/web_console/middleware.rb:135:in `call_app'
web-console (3.7.0) lib/web_console/middleware.rb:30:in `block in call'
web-console (3.7.0) lib/web_console/middleware.rb:20:in `catch'
web-console (3.7.0) lib/web_console/middleware.rb:20:in `call'
actionpack (5.2.5) lib/action_dispatch/middleware/show_exceptions.rb:33:in `call'
railties (5.2.5) lib/rails/rack/logger.rb:38:in `call_app'
railties (5.2.5) lib/rails/rack/logger.rb:26:in `block in call'
activesupport (5.2.5) lib/active_support/tagged_logging.rb:71:in `block in tagged'
activesupport (5.2.5) lib/active_support/tagged_logging.rb:28:in `tagged'
activesupport (5.2.5) lib/active_support/tagged_logging.rb:71:in `tagged'
railties (5.2.5) lib/rails/rack/logger.rb:26:in `call'
sprockets-rails (3.2.2) lib/sprockets/rails/quiet_assets.rb:13:in `call'
actionpack (5.2.5) lib/action_dispatch/middleware/remote_ip.rb:81:in `call'
actionpack (5.2.5) lib/action_dispatch/middleware/request_id.rb:27:in `call'
rack (2.2.3) lib/rack/method_override.rb:24:in `call'
rack (2.2.3) lib/rack/runtime.rb:22:in `call'
activesupport (5.2.5) lib/active_support/cache/strategy/local_cache_middleware.rb:29:in `call'
actionpack (5.2.5) lib/action_dispatch/middleware/executor.rb:14:in `call'
actionpack (5.2.5) lib/action_dispatch/middleware/static.rb:127:in `call'
rack (2.2.3) lib/rack/sendfile.rb:110:in `call'
railties (5.2.5) lib/rails/engine.rb:524:in `call'
puma (3.12.6) lib/puma/configuration.rb:227:in `call'
puma (3.12.6) lib/puma/server.rb:706:in `handle_request'
puma (3.12.6) lib/puma/server.rb:476:in `process_client'
puma (3.12.6) lib/puma/server.rb:334:in `block in run'
puma (3.12.6) lib/puma/thread_pool.rb:135:in `block in spawn_thread'
Started GET "/" for ::1 at 2021-05-11 16:08:48 -0400
Processing by StaticPagesController#home as HTML
  Rendering static_pages/home.html.erb within layouts/application
  [1m[36mUser Load (0.8ms)[0m  [1m[34mSELECT  "users".* FROM "users" WHERE "users"."session_token" IS NULL LIMIT $1[0m  [["LIMIT", 1]]
  ↳ app/controllers/application_controller.rb:7
  Rendered static_pages/home.html.erb within layouts/application (3.9ms)
Completed 200 OK in 57ms (Views: 51.0ms | ActiveRecord: 1.0ms)


Started GET "/" for ::1 at 2021-05-11 16:46:41 -0400
Processing by StaticPagesController#home as HTML
  Rendering static_pages/home.html.erb within layouts/application
  [1m[36mUser Load (0.7ms)[0m  [1m[34mSELECT  "users".* FROM "users" WHERE "users"."session_token" IS NULL LIMIT $1[0m  [["LIMIT", 1]]
  ↳ app/controllers/application_controller.rb:7
  Rendered static_pages/home.html.erb within layouts/application (22.3ms)
Completed 200 OK in 423ms (Views: 411.1ms | ActiveRecord: 7.4ms)


Started POST "/api/user" for ::1 at 2021-05-11 16:47:00 -0400
  
ActionController::RoutingError (No route matches [POST] "/api/user"):
  
actionpack (5.2.5) lib/action_dispatch/middleware/debug_exceptions.rb:65:in `call'
web-console (3.7.0) lib/web_console/middleware.rb:135:in `call_app'
web-console (3.7.0) lib/web_console/middleware.rb:30:in `block in call'
web-console (3.7.0) lib/web_console/middleware.rb:20:in `catch'
web-console (3.7.0) lib/web_console/middleware.rb:20:in `call'
actionpack (5.2.5) lib/action_dispatch/middleware/show_exceptions.rb:33:in `call'
railties (5.2.5) lib/rails/rack/logger.rb:38:in `call_app'
railties (5.2.5) lib/rails/rack/logger.rb:26:in `block in call'
activesupport (5.2.5) lib/active_support/tagged_logging.rb:71:in `block in tagged'
activesupport (5.2.5) lib/active_support/tagged_logging.rb:28:in `tagged'
activesupport (5.2.5) lib/active_support/tagged_logging.rb:71:in `tagged'
railties (5.2.5) lib/rails/rack/logger.rb:26:in `call'
sprockets-rails (3.2.2) lib/sprockets/rails/quiet_assets.rb:13:in `call'
actionpack (5.2.5) lib/action_dispatch/middleware/remote_ip.rb:81:in `call'
actionpack (5.2.5) lib/action_dispatch/middleware/request_id.rb:27:in `call'
rack (2.2.3) lib/rack/method_override.rb:24:in `call'
rack (2.2.3) lib/rack/runtime.rb:22:in `call'
activesupport (5.2.5) lib/active_support/cache/strategy/local_cache_middleware.rb:29:in `call'
actionpack (5.2.5) lib/action_dispatch/middleware/executor.rb:14:in `call'
actionpack (5.2.5) lib/action_dispatch/middleware/static.rb:127:in `call'
rack (2.2.3) lib/rack/sendfile.rb:110:in `call'
railties (5.2.5) lib/rails/engine.rb:524:in `call'
puma (3.12.6) lib/puma/configuration.rb:227:in `call'
puma (3.12.6) lib/puma/server.rb:706:in `handle_request'
puma (3.12.6) lib/puma/server.rb:476:in `process_client'
puma (3.12.6) lib/puma/server.rb:334:in `block in run'
puma (3.12.6) lib/puma/thread_pool.rb:135:in `block in spawn_thread'
Started GET "/" for ::1 at 2021-05-11 16:49:40 -0400
Processing by StaticPagesController#home as HTML
  Rendering static_pages/home.html.erb within layouts/application
  [1m[36mUser Load (0.8ms)[0m  [1m[34mSELECT  "users".* FROM "users" WHERE "users"."session_token" IS NULL LIMIT $1[0m  [["LIMIT", 1]]
  ↳ app/controllers/application_controller.rb:7
  Rendered static_pages/home.html.erb within layouts/application (12.7ms)
Completed 200 OK in 480ms (Views: 470.2ms | ActiveRecord: 0.8ms)


Started GET "/" for ::1 at 2021-05-11 16:52:15 -0400
Processing by StaticPagesController#home as HTML
  Rendering static_pages/home.html.erb within layouts/application
  [1m[36mUser Load (0.8ms)[0m  [1m[34mSELECT  "users".* FROM "users" WHERE "users"."session_token" IS NULL LIMIT $1[0m  [["LIMIT", 1]]
  ↳ app/controllers/application_controller.rb:7
  Rendered static_pages/home.html.erb within layouts/application (11.6ms)
Completed 200 OK in 104ms (Views: 94.2ms | ActiveRecord: 0.8ms)


Started GET "/" for ::1 at 2021-05-11 16:58:05 -0400
Processing by StaticPagesController#home as HTML
  Rendering static_pages/home.html.erb within layouts/application
  [1m[36mUser Load (0.8ms)[0m  [1m[34mSELECT  "users".* FROM "users" WHERE "users"."session_token" IS NULL LIMIT $1[0m  [["LIMIT", 1]]
  ↳ app/controllers/application_controller.rb:7
  Rendered static_pages/home.html.erb within layouts/application (10.9ms)
Completed 200 OK in 79ms (Views: 71.1ms | ActiveRecord: 1.0ms)


Started POST "/api/user" for ::1 at 2021-05-11 16:58:08 -0400
  
ActionController::RoutingError (No route matches [POST] "/api/user"):
  
actionpack (5.2.5) lib/action_dispatch/middleware/debug_exceptions.rb:65:in `call'
web-console (3.7.0) lib/web_console/middleware.rb:135:in `call_app'
web-console (3.7.0) lib/web_console/middleware.rb:30:in `block in call'
web-console (3.7.0) lib/web_console/middleware.rb:20:in `catch'
web-console (3.7.0) lib/web_console/middleware.rb:20:in `call'
actionpack (5.2.5) lib/action_dispatch/middleware/show_exceptions.rb:33:in `call'
railties (5.2.5) lib/rails/rack/logger.rb:38:in `call_app'
railties (5.2.5) lib/rails/rack/logger.rb:26:in `block in call'
activesupport (5.2.5) lib/active_support/tagged_logging.rb:71:in `block in tagged'
activesupport (5.2.5) lib/active_support/tagged_logging.rb:28:in `tagged'
activesupport (5.2.5) lib/active_support/tagged_logging.rb:71:in `tagged'
railties (5.2.5) lib/rails/rack/logger.rb:26:in `call'
sprockets-rails (3.2.2) lib/sprockets/rails/quiet_assets.rb:13:in `call'
actionpack (5.2.5) lib/action_dispatch/middleware/remote_ip.rb:81:in `call'
actionpack (5.2.5) lib/action_dispatch/middleware/request_id.rb:27:in `call'
rack (2.2.3) lib/rack/method_override.rb:24:in `call'
rack (2.2.3) lib/rack/runtime.rb:22:in `call'
activesupport (5.2.5) lib/active_support/cache/strategy/local_cache_middleware.rb:29:in `call'
actionpack (5.2.5) lib/action_dispatch/middleware/executor.rb:14:in `call'
actionpack (5.2.5) lib/action_dispatch/middleware/static.rb:127:in `call'
rack (2.2.3) lib/rack/sendfile.rb:110:in `call'
railties (5.2.5) lib/rails/engine.rb:524:in `call'
puma (3.12.6) lib/puma/configuration.rb:227:in `call'
puma (3.12.6) lib/puma/server.rb:706:in `handle_request'
puma (3.12.6) lib/puma/server.rb:476:in `process_client'
puma (3.12.6) lib/puma/server.rb:334:in `block in run'
puma (3.12.6) lib/puma/thread_pool.rb:135:in `block in spawn_thread'
Started GET "/" for ::1 at 2021-05-11 17:00:32 -0400
Processing by StaticPagesController#home as HTML
  Rendering static_pages/home.html.erb within layouts/application
  [1m[36mUser Load (0.6ms)[0m  [1m[34mSELECT  "users".* FROM "users" WHERE "users"."session_token" IS NULL LIMIT $1[0m  [["LIMIT", 1]]
  ↳ app/controllers/application_controller.rb:7
  Rendered static_pages/home.html.erb within layouts/application (3.8ms)
Completed 200 OK in 409ms (Views: 404.7ms | ActiveRecord: 0.6ms)


Started POST "/api/users" for ::1 at 2021-05-11 17:00:37 -0400
Processing by Api::UsersController#create as JSON
  Parameters: {"user"=>{"username"=>"dddddd", "email"=>"", "password"=>"[FILTERED]"}}
  [1m[35m (4.6ms)[0m  [1m[35mBEGIN[0m
  ↳ app/controllers/api/users_controller.rb:5
  [1m[36mUser Exists (7.5ms)[0m  [1m[34mSELECT  1 AS one FROM "users" WHERE "users"."username" = $1 LIMIT $2[0m  [["username", "dddddd"], ["LIMIT", 1]]
  ↳ app/controllers/api/users_controller.rb:5
  [1m[35m (1.7ms)[0m  [1m[31mROLLBACK[0m
  ↳ app/controllers/api/users_controller.rb:5
Completed 422 Unprocessable Entity in 311ms (Views: 0.5ms | ActiveRecord: 38.7ms)


Started POST "/api/users" for ::1 at 2021-05-11 17:07:30 -0400
Processing by Api::UsersController#create as JSON
  Parameters: {"user"=>{"username"=>"min", "email"=>"", "password"=>"[FILTERED]"}}
  [1m[35m (0.3ms)[0m  [1m[35mBEGIN[0m
  ↳ app/controllers/api/users_controller.rb:5
  [1m[36mUser Exists (3.3ms)[0m  [1m[34mSELECT  1 AS one FROM "users" WHERE "users"."username" = $1 LIMIT $2[0m  [["username", "min"], ["LIMIT", 1]]
  ↳ app/controllers/api/users_controller.rb:5
  [1m[35m (0.2ms)[0m  [1m[31mROLLBACK[0m
  ↳ app/controllers/api/users_controller.rb:5
Completed 422 Unprocessable Entity in 231ms (Views: 1.1ms | ActiveRecord: 3.8ms)


Started GET "/" for ::1 at 2021-05-11 17:21:21 -0400
Processing by StaticPagesController#home as HTML
  Rendering static_pages/home.html.erb within layouts/application
  [1m[36mUser Load (0.7ms)[0m  [1m[34mSELECT  "users".* FROM "users" WHERE "users"."session_token" IS NULL LIMIT $1[0m  [["LIMIT", 1]]
  ↳ app/controllers/application_controller.rb:7
  Rendered static_pages/home.html.erb within layouts/application (9.4ms)
Completed 200 OK in 401ms (Views: 393.9ms | ActiveRecord: 0.9ms)


Started GET "/" for ::1 at 2021-05-11 17:22:08 -0400
Processing by StaticPagesController#home as HTML
  Rendering static_pages/home.html.erb within layouts/application
  [1m[36mUser Load (0.3ms)[0m  [1m[34mSELECT  "users".* FROM "users" WHERE "users"."session_token" IS NULL LIMIT $1[0m  [["LIMIT", 1]]
  ↳ app/controllers/application_controller.rb:7
  Rendered static_pages/home.html.erb within layouts/application (2.3ms)
Completed 200 OK in 362ms (Views: 357.6ms | ActiveRecord: 0.3ms)


Started GET "/" for ::1 at 2021-05-11 17:22:47 -0400
Processing by StaticPagesController#home as HTML
  Rendering static_pages/home.html.erb within layouts/application
  [1m[36mUser Load (0.3ms)[0m  [1m[34mSELECT  "users".* FROM "users" WHERE "users"."session_token" IS NULL LIMIT $1[0m  [["LIMIT", 1]]
  ↳ app/controllers/application_controller.rb:7
  Rendered static_pages/home.html.erb within layouts/application (1.4ms)
Completed 200 OK in 331ms (Views: 327.2ms | ActiveRecord: 0.3ms)


Started GET "/" for ::1 at 2021-05-11 17:24:02 -0400
Processing by StaticPagesController#home as HTML
  Rendering static_pages/home.html.erb within layouts/application
  [1m[36mUser Load (0.3ms)[0m  [1m[34mSELECT  "users".* FROM "users" WHERE "users"."session_token" IS NULL LIMIT $1[0m  [["LIMIT", 1]]
  ↳ app/controllers/application_controller.rb:7
  Rendered static_pages/home.html.erb within layouts/application (1.8ms)
Completed 200 OK in 45ms (Views: 40.9ms | ActiveRecord: 0.3ms)


Started GET "/" for ::1 at 2021-05-11 17:24:06 -0400
Processing by StaticPagesController#home as HTML
  Rendering static_pages/home.html.erb within layouts/application
  [1m[36mUser Load (0.3ms)[0m  [1m[34mSELECT  "users".* FROM "users" WHERE "users"."session_token" IS NULL LIMIT $1[0m  [["LIMIT", 1]]
  ↳ app/controllers/application_controller.rb:7
  Rendered static_pages/home.html.erb within layouts/application (1.5ms)
Completed 200 OK in 26ms (Views: 22.2ms | ActiveRecord: 0.3ms)


Started GET "/" for ::1 at 2021-05-11 17:27:16 -0400
Processing by StaticPagesController#home as HTML
  Rendering static_pages/home.html.erb within layouts/application
  [1m[36mUser Load (0.8ms)[0m  [1m[34mSELECT  "users".* FROM "users" WHERE "users"."session_token" IS NULL LIMIT $1[0m  [["LIMIT", 1]]
  ↳ app/controllers/application_controller.rb:7
  Rendered static_pages/home.html.erb within layouts/application (6.6ms)
Completed 200 OK in 389ms (Views: 382.5ms | ActiveRecord: 1.1ms)


Started GET "/" for ::1 at 2021-05-11 17:27:28 -0400
Processing by StaticPagesController#home as HTML
  Rendering static_pages/home.html.erb within layouts/application
  [1m[36mUser Load (0.4ms)[0m  [1m[34mSELECT  "users".* FROM "users" WHERE "users"."session_token" IS NULL LIMIT $1[0m  [["LIMIT", 1]]
  ↳ app/controllers/application_controller.rb:7
  Rendered static_pages/home.html.erb within layouts/application (2.3ms)
Completed 200 OK in 45ms (Views: 42.6ms | ActiveRecord: 0.4ms)


Started GET "/" for ::1 at 2021-05-11 17:28:45 -0400
Processing by StaticPagesController#home as HTML
  Rendering static_pages/home.html.erb within layouts/application
  [1m[36mUser Load (0.3ms)[0m  [1m[34mSELECT  "users".* FROM "users" WHERE "users"."session_token" IS NULL LIMIT $1[0m  [["LIMIT", 1]]
  ↳ app/controllers/application_controller.rb:7
  Rendered static_pages/home.html.erb within layouts/application (1.5ms)
Completed 200 OK in 347ms (Views: 344.3ms | ActiveRecord: 0.3ms)


Started GET "/" for ::1 at 2021-05-11 17:32:04 -0400
Processing by StaticPagesController#home as HTML
  Rendering static_pages/home.html.erb within layouts/application
  [1m[36mUser Load (1.2ms)[0m  [1m[34mSELECT  "users".* FROM "users" WHERE "users"."session_token" IS NULL LIMIT $1[0m  [["LIMIT", 1]]
  ↳ app/controllers/application_controller.rb:7
  Rendered static_pages/home.html.erb within layouts/application (12.5ms)
Completed 200 OK in 435ms (Views: 425.3ms | ActiveRecord: 1.2ms)


Started GET "/" for ::1 at 2021-05-11 17:32:18 -0400
Processing by StaticPagesController#home as HTML
  Rendering static_pages/home.html.erb within layouts/application
  [1m[36mUser Load (0.3ms)[0m  [1m[34mSELECT  "users".* FROM "users" WHERE "users"."session_token" IS NULL LIMIT $1[0m  [["LIMIT", 1]]
  ↳ app/controllers/application_controller.rb:7
  Rendered static_pages/home.html.erb within layouts/application (1.7ms)
Completed 200 OK in 303ms (Views: 300.6ms | ActiveRecord: 0.3ms)


Started GET "/" for ::1 at 2021-05-11 17:32:27 -0400
Processing by StaticPagesController#home as HTML
  Rendering static_pages/home.html.erb within layouts/application
  [1m[36mUser Load (0.3ms)[0m  [1m[34mSELECT  "users".* FROM "users" WHERE "users"."session_token" IS NULL LIMIT $1[0m  [["LIMIT", 1]]
  ↳ app/controllers/application_controller.rb:7
  Rendered static_pages/home.html.erb within layouts/application (1.5ms)
Completed 200 OK in 333ms (Views: 329.5ms | ActiveRecord: 0.3ms)


Started GET "/" for ::1 at 2021-05-11 17:32:43 -0400
Processing by StaticPagesController#home as HTML
  Rendering static_pages/home.html.erb within layouts/application
  [1m[36mUser Load (0.2ms)[0m  [1m[34mSELECT  "users".* FROM "users" WHERE "users"."session_token" IS NULL LIMIT $1[0m  [["LIMIT", 1]]
  ↳ app/controllers/application_controller.rb:7
  Rendered static_pages/home.html.erb within layouts/application (1.3ms)
Completed 200 OK in 26ms (Views: 23.1ms | ActiveRecord: 0.2ms)


Started GET "/" for ::1 at 2021-05-11 17:32:44 -0400
Processing by StaticPagesController#home as HTML
  Rendering static_pages/home.html.erb within layouts/application
  [1m[36mUser Load (0.2ms)[0m  [1m[34mSELECT  "users".* FROM "users" WHERE "users"."session_token" IS NULL LIMIT $1[0m  [["LIMIT", 1]]
  ↳ app/controllers/application_controller.rb:7
  Rendered static_pages/home.html.erb within layouts/application (1.7ms)
Completed 200 OK in 28ms (Views: 24.2ms | ActiveRecord: 0.2ms)


Started GET "/" for ::1 at 2021-05-11 17:32:50 -0400
Processing by StaticPagesController#home as HTML
  Rendering static_pages/home.html.erb within layouts/application
  [1m[36mUser Load (0.2ms)[0m  [1m[34mSELECT  "users".* FROM "users" WHERE "users"."session_token" IS NULL LIMIT $1[0m  [["LIMIT", 1]]
  ↳ app/controllers/application_controller.rb:7
  Rendered static_pages/home.html.erb within layouts/application (1.2ms)
Completed 200 OK in 307ms (Views: 304.0ms | ActiveRecord: 0.2ms)


Started POST "/api/users" for ::1 at 2021-05-11 17:33:27 -0400
Processing by Api::UsersController#create as JSON
  Parameters: {"user"=>{"username"=>"minwang", "email"=>"minwwww", "password"=>"[FILTERED]"}}
  [1m[35m (0.2ms)[0m  [1m[35mBEGIN[0m
  ↳ app/controllers/api/users_controller.rb:5
  [1m[36mUser Exists (1.3ms)[0m  [1m[34mSELECT  1 AS one FROM "users" WHERE "users"."username" = $1 LIMIT $2[0m  [["username", "minwang"], ["LIMIT", 1]]
  ↳ app/controllers/api/users_controller.rb:5
  [1m[36mUser Create (12.3ms)[0m  [1m[32mINSERT INTO "users" ("username", "email", "password_digest", "session_token", "created_at", "updated_at") VALUES ($1, $2, $3, $4, $5, $6) RETURNING "id"[0m  [["username", "minwang"], ["email", "minwwww"], ["password_digest", "$2a$12$7WCQkV7nWAAWES3jFX9rruRiHV1Df5RBnt1VzouN2mANcwbrxnMCa"], ["session_token", "6rh5m70Awz3O1rYRbaZsZQ"], ["created_at", "2021-05-11 21:33:28.153085"], ["updated_at", "2021-05-11 21:33:28.153085"]]
  ↳ app/controllers/api/users_controller.rb:5
  [1m[35m (0.9ms)[0m  [1m[35mCOMMIT[0m
  ↳ app/controllers/api/users_controller.rb:5
  [1m[35m (0.3ms)[0m  [1m[35mBEGIN[0m
  ↳ app/models/user.rb:27
  [1m[36mUser Exists (3.8ms)[0m  [1m[34mSELECT  1 AS one FROM "users" WHERE "users"."username" = $1 AND "users"."id" != $2 LIMIT $3[0m  [["username", "minwang"], ["id", 2], ["LIMIT", 1]]
  ↳ app/models/user.rb:27
  [1m[36mUser Update (6.6ms)[0m  [1m[33mUPDATE "users" SET "session_token" = $1, "updated_at" = $2 WHERE "users"."id" = $3[0m  [["session_token", "YT3hoBe3ZRARWE3FL7vnbA"], ["updated_at", "2021-05-11 21:33:28.174026"], ["id", 2]]
  ↳ app/models/user.rb:27
  [1m[35m (0.7ms)[0m  [1m[35mCOMMIT[0m
  ↳ app/models/user.rb:27
Completed 500 Internal Server Error in 249ms (ActiveRecord: 26.1ms)



ActionView::MissingTemplate - Missing template api/users/show, application/show with {:locale=>[:en], :formats=>[:json], :variants=>[], :handlers=>[:raw, :erb, :html, :builder, :ruby, :coffee, :jbuilder]}. Searched in:
  * "/Users/minwang/Desktop/splitDice/splitDice/app/views":
  app/controllers/api/users_controller.rb:7:in `create'

Started GET "/" for ::1 at 2021-05-11 17:35:57 -0400
Processing by StaticPagesController#home as HTML
  Rendering static_pages/home.html.erb within layouts/application
  [1m[36mUser Load (0.2ms)[0m  [1m[34mSELECT  "users".* FROM "users" WHERE "users"."session_token" IS NULL LIMIT $1[0m  [["LIMIT", 1]]
  ↳ app/controllers/application_controller.rb:7
  Rendered static_pages/home.html.erb within layouts/application (22.7ms)
Completed 200 OK in 64ms (Views: 54.3ms | ActiveRecord: 6.4ms)


Started POST "/api/users" for ::1 at 2021-05-11 17:36:04 -0400
Processing by Api::UsersController#create as JSON
  Parameters: {"user"=>{"username"=>"ddddd", "email"=>"", "password"=>"[FILTERED]"}}
  [1m[35m (0.1ms)[0m  [1m[35mBEGIN[0m
  ↳ app/controllers/api/users_controller.rb:5
  [1m[36mUser Exists (0.3ms)[0m  [1m[34mSELECT  1 AS one FROM "users" WHERE "users"."username" = $1 LIMIT $2[0m  [["username", "ddddd"], ["LIMIT", 1]]
  ↳ app/controllers/api/users_controller.rb:5
  [1m[36mUser Create (0.4ms)[0m  [1m[32mINSERT INTO "users" ("username", "email", "password_digest", "session_token", "created_at", "updated_at") VALUES ($1, $2, $3, $4, $5, $6) RETURNING "id"[0m  [["username", "ddddd"], ["email", ""], ["password_digest", "$2a$12$Wpn46mvJK2AWPvMQjLHbcOKd7xZ3OuwVjwKgv83f6h8zmf994mk02"], ["session_token", "Rouz0u4l3zj76--0lQSFDQ"], ["created_at", "2021-05-11 21:36:04.445716"], ["updated_at", "2021-05-11 21:36:04.445716"]]
  ↳ app/controllers/api/users_controller.rb:5
  [1m[35m (1.1ms)[0m  [1m[35mCOMMIT[0m
  ↳ app/controllers/api/users_controller.rb:5
  [1m[35m (0.3ms)[0m  [1m[35mBEGIN[0m
  ↳ app/models/user.rb:27
  [1m[36mUser Exists (0.4ms)[0m  [1m[34mSELECT  1 AS one FROM "users" WHERE "users"."username" = $1 AND "users"."id" != $2 LIMIT $3[0m  [["username", "ddddd"], ["id", 3], ["LIMIT", 1]]
  ↳ app/models/user.rb:27
  [1m[36mUser Update (0.5ms)[0m  [1m[33mUPDATE "users" SET "session_token" = $1, "updated_at" = $2 WHERE "users"."id" = $3[0m  [["session_token", "SpNzLYABAMb41NmF_cH7ng"], ["updated_at", "2021-05-11 21:36:04.450594"], ["id", 3]]
  ↳ app/models/user.rb:27
  [1m[35m (0.5ms)[0m  [1m[35mCOMMIT[0m
  ↳ app/models/user.rb:27
Completed 500 Internal Server Error in 235ms (ActiveRecord: 9.3ms)



ActionView::MissingTemplate - Missing template api/users/show, application/show with {:locale=>[:en], :formats=>[:json], :variants=>[], :handlers=>[:raw, :erb, :html, :builder, :ruby, :coffee, :jbuilder]}. Searched in:
  * "/Users/minwang/Desktop/splitDice/splitDice/app/views":
  app/controllers/api/users_controller.rb:7:in `create'

Started GET "/" for ::1 at 2021-05-11 17:38:31 -0400
Processing by StaticPagesController#home as HTML
  Rendering static_pages/home.html.erb within layouts/application
  [1m[36mUser Load (0.3ms)[0m  [1m[34mSELECT  "users".* FROM "users" WHERE "users"."session_token" IS NULL LIMIT $1[0m  [["LIMIT", 1]]
  ↳ app/controllers/application_controller.rb:7
  Rendered static_pages/home.html.erb within layouts/application (1.6ms)
Completed 200 OK in 42ms (Views: 38.9ms | ActiveRecord: 0.3ms)


Started POST "/api/users" for ::1 at 2021-05-11 17:38:36 -0400
Processing by Api::UsersController#create as JSON
  Parameters: {"user"=>{"username"=>"ddddsaas", "email"=>"", "password"=>"[FILTERED]"}}
  [1m[35m (0.2ms)[0m  [1m[35mBEGIN[0m
  ↳ app/controllers/api/users_controller.rb:5
  [1m[36mUser Exists (0.5ms)[0m  [1m[34mSELECT  1 AS one FROM "users" WHERE "users"."username" = $1 LIMIT $2[0m  [["username", "ddddsaas"], ["LIMIT", 1]]
  ↳ app/controllers/api/users_controller.rb:5
  [1m[36mUser Create (10.4ms)[0m  [1m[32mINSERT INTO "users" ("username", "email", "password_digest", "session_token", "created_at", "updated_at") VALUES ($1, $2, $3, $4, $5, $6) RETURNING "id"[0m  [["username", "ddddsaas"], ["email", ""], ["password_digest", "$2a$12$l9m8hTrMbiyWdayx7XFWSOhF66ccBCg2VHtDCtdD.MctdxEjfmfJq"], ["session_token", "1cOUA9aB2GkCuiIVRsq1gw"], ["created_at", "2021-05-11 21:38:36.561236"], ["updated_at", "2021-05-11 21:38:36.561236"]]
  ↳ app/controllers/api/users_controller.rb:5
  [1m[35m (0.1ms)[0m  [1m[31mROLLBACK[0m
  ↳ app/controllers/api/users_controller.rb:5
Completed 500 Internal Server Error in 225ms (ActiveRecord: 11.2ms)



ActiveRecord::RecordNotUnique - PG::UniqueViolation: ERROR:  duplicate key value violates unique constraint "index_users_on_email"
DETAIL:  Key (email)=() already exists.
: INSERT INTO "users" ("username", "email", "password_digest", "session_token", "created_at", "updated_at") VALUES ($1, $2, $3, $4, $5, $6) RETURNING "id":
  app/controllers/api/users_controller.rb:5:in `create'

Started GET "/" for ::1 at 2021-05-11 17:43:39 -0400
Processing by StaticPagesController#home as HTML
  Rendering static_pages/home.html.erb within layouts/application
  [1m[36mUser Load (0.3ms)[0m  [1m[34mSELECT  "users".* FROM "users" WHERE "users"."session_token" IS NULL LIMIT $1[0m  [["LIMIT", 1]]
  ↳ app/controllers/application_controller.rb:7
  Rendered static_pages/home.html.erb within layouts/application (3.3ms)
Completed 200 OK in 367ms (Views: 362.2ms | ActiveRecord: 0.3ms)


Started POST "/api/users" for ::1 at 2021-05-11 17:43:50 -0400
Processing by Api::UsersController#create as JSON
  Parameters: {"user"=>{"username"=>"ddddddffff", "email"=>"ddddsss", "password"=>"[FILTERED]"}}
  [1m[35m (0.3ms)[0m  [1m[35mBEGIN[0m
  ↳ app/controllers/api/users_controller.rb:5
  [1m[36mUser Exists (0.5ms)[0m  [1m[34mSELECT  1 AS one FROM "users" WHERE "users"."username" = $1 LIMIT $2[0m  [["username", "ddddddffff"], ["LIMIT", 1]]
  ↳ app/controllers/api/users_controller.rb:5
  [1m[36mUser Create (1.4ms)[0m  [1m[32mINSERT INTO "users" ("username", "email", "password_digest", "session_token", "created_at", "updated_at") VALUES ($1, $2, $3, $4, $5, $6) RETURNING "id"[0m  [["username", "ddddddffff"], ["email", "ddddsss"], ["password_digest", "$2a$12$QUDiRqB1wGW/La.hq4/IZOz8e9f.3FDwaFnHqmU.vHMRusfKKFR3q"], ["session_token", "SxnNYlxUQ_o2XfzgywMOQQ"], ["created_at", "2021-05-11 21:43:50.444946"], ["updated_at", "2021-05-11 21:43:50.444946"]]
  ↳ app/controllers/api/users_controller.rb:5
  [1m[35m (0.9ms)[0m  [1m[35mCOMMIT[0m
  ↳ app/controllers/api/users_controller.rb:5
  [1m[35m (0.3ms)[0m  [1m[35mBEGIN[0m
  ↳ app/models/user.rb:27
  [1m[36mUser Exists (0.4ms)[0m  [1m[34mSELECT  1 AS one FROM "users" WHERE "users"."username" = $1 AND "users"."id" != $2 LIMIT $3[0m  [["username", "ddddddffff"], ["id", 5], ["LIMIT", 1]]
  ↳ app/models/user.rb:27
  [1m[36mUser Update (0.4ms)[0m  [1m[33mUPDATE "users" SET "session_token" = $1, "updated_at" = $2 WHERE "users"."id" = $3[0m  [["session_token", "ZwV9abB-gOybod-nJjMBpg"], ["updated_at", "2021-05-11 21:43:50.472057"], ["id", 5]]
  ↳ app/models/user.rb:27
  [1m[35m (0.5ms)[0m  [1m[35mCOMMIT[0m
  ↳ app/models/user.rb:27
Completed 500 Internal Server Error in 253ms (ActiveRecord: 4.5ms)



ActionView::MissingTemplate - Missing template api/users/show, application/show with {:locale=>[:en], :formats=>[:json], :variants=>[], :handlers=>[:raw, :erb, :html, :builder, :ruby, :coffee, :jbuilder]}. Searched in:
  * "/Users/minwang/Desktop/splitDice/splitDice/app/views":
  app/controllers/api/users_controller.rb:7:in `create'

Started GET "/" for ::1 at 2021-05-11 17:49:47 -0400
Processing by StaticPagesController#home as HTML
  Rendering static_pages/home.html.erb within layouts/application
  [1m[36mUser Load (0.6ms)[0m  [1m[34mSELECT  "users".* FROM "users" WHERE "users"."session_token" IS NULL LIMIT $1[0m  [["LIMIT", 1]]
  ↳ app/controllers/application_controller.rb:7
  Rendered static_pages/home.html.erb within layouts/application (13.8ms)
Completed 200 OK in 359ms (Views: 350.0ms | ActiveRecord: 5.2ms)


Started GET "/" for ::1 at 2021-05-11 17:50:16 -0400
Processing by StaticPagesController#home as HTML
  Rendering static_pages/home.html.erb within layouts/application
  [1m[36mUser Load (0.5ms)[0m  [1m[34mSELECT  "users".* FROM "users" WHERE "users"."session_token" IS NULL LIMIT $1[0m  [["LIMIT", 1]]
  ↳ app/controllers/application_controller.rb:7
  Rendered static_pages/home.html.erb within layouts/application (1.8ms)
Completed 200 OK in 42ms (Views: 37.2ms | ActiveRecord: 0.5ms)


Started GET "/" for ::1 at 2021-05-11 17:51:28 -0400
Processing by StaticPagesController#home as HTML
  Rendering static_pages/home.html.erb within layouts/application
  [1m[36mUser Load (0.4ms)[0m  [1m[34mSELECT  "users".* FROM "users" WHERE "users"."session_token" IS NULL LIMIT $1[0m  [["LIMIT", 1]]
  ↳ app/controllers/application_controller.rb:7
  Rendered static_pages/home.html.erb within layouts/application (1.8ms)
Completed 200 OK in 357ms (Views: 353.4ms | ActiveRecord: 0.4ms)


Started POST "/api/users" for ::1 at 2021-05-11 17:51:50 -0400
Processing by Api::UsersController#create as JSON
  Parameters: {"user"=>{"username"=>"ccccc", "email"=>"vvvvvvv", "password"=>"[FILTERED]"}}
  [1m[35m (0.2ms)[0m  [1m[35mBEGIN[0m
  ↳ app/controllers/api/users_controller.rb:5
  [1m[36mUser Exists (0.9ms)[0m  [1m[34mSELECT  1 AS one FROM "users" WHERE "users"."username" = $1 LIMIT $2[0m  [["username", "ccccc"], ["LIMIT", 1]]
  ↳ app/controllers/api/users_controller.rb:5
  [1m[36mUser Create (0.6ms)[0m  [1m[32mINSERT INTO "users" ("username", "email", "password_digest", "session_token", "created_at", "updated_at") VALUES ($1, $2, $3, $4, $5, $6) RETURNING "id"[0m  [["username", "ccccc"], ["email", "vvvvvvv"], ["password_digest", "$2a$12$18zatZApFFj0ZWQFhSGG1e4PHhAodLNJlf4rVRJmHJJm10R4Ebnii"], ["session_token", "uOHctzhkN8kGcbGwmjtEeA"], ["created_at", "2021-05-11 21:51:51.158956"], ["updated_at", "2021-05-11 21:51:51.158956"]]
  ↳ app/controllers/api/users_controller.rb:5
  [1m[35m (1.5ms)[0m  [1m[35mCOMMIT[0m
  ↳ app/controllers/api/users_controller.rb:5
  [1m[35m (0.9ms)[0m  [1m[35mBEGIN[0m
  ↳ app/models/user.rb:27
  [1m[36mUser Exists (0.5ms)[0m  [1m[34mSELECT  1 AS one FROM "users" WHERE "users"."username" = $1 AND "users"."id" != $2 LIMIT $3[0m  [["username", "ccccc"], ["id", 6], ["LIMIT", 1]]
  ↳ app/models/user.rb:27
  [1m[36mUser Update (0.5ms)[0m  [1m[33mUPDATE "users" SET "session_token" = $1, "updated_at" = $2 WHERE "users"."id" = $3[0m  [["session_token", "GBHaSUxcyu0-u-EMgVeKrw"], ["updated_at", "2021-05-11 21:51:51.165218"], ["id", 6]]
  ↳ app/models/user.rb:27
  [1m[35m (0.6ms)[0m  [1m[35mCOMMIT[0m
  ↳ app/models/user.rb:27
Completed 500 Internal Server Error in 235ms (ActiveRecord: 13.0ms)



ActionView::MissingTemplate - Missing template api/users/show, application/show with {:locale=>[:en], :formats=>[:json], :variants=>[], :handlers=>[:raw, :erb, :html, :builder, :ruby, :coffee, :jbuilder]}. Searched in:
  * "/Users/minwang/Desktop/splitDice/splitDice/app/views":
  app/controllers/api/users_controller.rb:7:in `create'

  [1m[36mUser Load (3.1ms)[0m  [1m[34mSELECT "users".* FROM "users"[0m
Started POST "/api/users" for ::1 at 2021-05-11 17:53:12 -0400
  [1m[35m (2.7ms)[0m  [1m[34mSELECT "schema_migrations"."version" FROM "schema_migrations" ORDER BY "schema_migrations"."version" ASC[0m
  ↳ /Users/minwang/.rbenv/versions/2.5.1/lib/ruby/gems/2.5.0/gems/activerecord-5.2.6/lib/active_record/log_subscriber.rb:98
Processing by Api::UsersController#create as JSON
  Parameters: {"user"=>{"username"=>"cccccdsxxx", "email"=>"vvvvvvv", "password"=>"[FILTERED]"}}
Can't verify CSRF token authenticity.
Completed 422 Unprocessable Entity in 8ms (ActiveRecord: 0.0ms)



ActionController::InvalidAuthenticityToken - ActionController::InvalidAuthenticityToken:

  [1m[36mUser Load (0.6ms)[0m  [1m[34mSELECT "users".* FROM "users"[0m
Started POST "/api/session" for ::1 at 2021-05-11 17:54:06 -0400
Processing by Api::SessionsController#create as JSON
  Parameters: {"user"=>{"username"=>"minwang", "email"=>"", "password"=>"[FILTERED]"}}
Can't verify CSRF token authenticity.
Completed 422 Unprocessable Entity in 3ms (ActiveRecord: 0.0ms)



ActionController::InvalidAuthenticityToken - ActionController::InvalidAuthenticityToken:

Started POST "/api/session" for ::1 at 2021-05-11 17:54:11 -0400
Processing by Api::SessionsController#create as JSON
  Parameters: {"user"=>{"username"=>"minwang", "email"=>"", "password"=>"[FILTERED]"}}
Can't verify CSRF token authenticity.
Completed 422 Unprocessable Entity in 3ms (ActiveRecord: 0.0ms)



ActionController::InvalidAuthenticityToken - ActionController::InvalidAuthenticityToken:

Started POST "/api/session" for ::1 at 2021-05-11 17:54:13 -0400
Processing by Api::SessionsController#create as JSON
  Parameters: {"user"=>{"username"=>"minwang", "email"=>"", "password"=>"[FILTERED]"}}
Can't verify CSRF token authenticity.
Completed 422 Unprocessable Entity in 4ms (ActiveRecord: 0.0ms)



ActionController::InvalidAuthenticityToken - ActionController::InvalidAuthenticityToken:

Started POST "/api/session" for ::1 at 2021-05-11 17:54:13 -0400
Processing by Api::SessionsController#create as JSON
  Parameters: {"user"=>{"username"=>"minwang", "email"=>"", "password"=>"[FILTERED]"}}
Can't verify CSRF token authenticity.
Completed 422 Unprocessable Entity in 5ms (ActiveRecord: 0.0ms)



ActionController::InvalidAuthenticityToken - ActionController::InvalidAuthenticityToken:

Started POST "/api/session" for ::1 at 2021-05-11 17:54:14 -0400
Processing by Api::SessionsController#create as JSON
  Parameters: {"user"=>{"username"=>"minwang", "email"=>"", "password"=>"[FILTERED]"}}
Can't verify CSRF token authenticity.
Completed 422 Unprocessable Entity in 3ms (ActiveRecord: 0.0ms)



ActionController::InvalidAuthenticityToken - ActionController::InvalidAuthenticityToken:

Started POST "/api/session" for ::1 at 2021-05-11 17:54:14 -0400
Processing by Api::SessionsController#create as JSON
  Parameters: {"user"=>{"username"=>"minwang", "email"=>"", "password"=>"[FILTERED]"}}
Can't verify CSRF token authenticity.
Completed 422 Unprocessable Entity in 3ms (ActiveRecord: 0.0ms)



ActionController::InvalidAuthenticityToken - ActionController::InvalidAuthenticityToken:

Started POST "/api/session" for ::1 at 2021-05-11 17:54:14 -0400
Processing by Api::SessionsController#create as JSON
  Parameters: {"user"=>{"username"=>"minwang", "email"=>"", "password"=>"[FILTERED]"}}
Can't verify CSRF token authenticity.
Completed 422 Unprocessable Entity in 4ms (ActiveRecord: 0.0ms)



ActionController::InvalidAuthenticityToken - ActionController::InvalidAuthenticityToken:

Started POST "/api/session" for ::1 at 2021-05-11 17:54:14 -0400
Processing by Api::SessionsController#create as JSON
  Parameters: {"user"=>{"username"=>"minwang", "email"=>"", "password"=>"[FILTERED]"}}
Can't verify CSRF token authenticity.
Completed 422 Unprocessable Entity in 3ms (ActiveRecord: 0.0ms)



ActionController::InvalidAuthenticityToken - ActionController::InvalidAuthenticityToken:

Started POST "/api/session" for ::1 at 2021-05-11 17:54:14 -0400
Processing by Api::SessionsController#create as JSON
  Parameters: {"user"=>{"username"=>"minwang", "email"=>"", "password"=>"[FILTERED]"}}
Can't verify CSRF token authenticity.
Completed 422 Unprocessable Entity in 5ms (ActiveRecord: 0.0ms)



ActionController::InvalidAuthenticityToken - ActionController::InvalidAuthenticityToken:

Started POST "/api/users" for ::1 at 2021-05-11 17:55:29 -0400
Processing by Api::UsersController#create as JSON
  Parameters: {"user"=>{"username"=>"dssdsaxc", "email"=>"dxcxcwa", "password"=>"[FILTERED]"}}
Can't verify CSRF token authenticity.
Completed 422 Unprocessable Entity in 4ms (ActiveRecord: 0.0ms)



ActionController::InvalidAuthenticityToken - ActionController::InvalidAuthenticityToken:

Started POST "/api/users" for ::1 at 2021-05-11 17:55:37 -0400
Processing by Api::UsersController#create as JSON
  Parameters: {"user"=>{"username"=>"dssdsaxc", "email"=>"dxcxcwa", "password"=>"[FILTERED]"}}
Can't verify CSRF token authenticity.
Completed 422 Unprocessable Entity in 5ms (ActiveRecord: 0.0ms)



ActionController::InvalidAuthenticityToken - ActionController::InvalidAuthenticityToken:

Started POST "/api/users" for ::1 at 2021-05-11 17:55:38 -0400
Processing by Api::UsersController#create as JSON
  Parameters: {"user"=>{"username"=>"dssdsaxc", "email"=>"dxcxcwa", "password"=>"[FILTERED]"}}
Can't verify CSRF token authenticity.
Completed 422 Unprocessable Entity in 6ms (ActiveRecord: 0.0ms)



ActionController::InvalidAuthenticityToken - ActionController::InvalidAuthenticityToken:

Started POST "/api/users" for ::1 at 2021-05-11 17:55:38 -0400
Processing by Api::UsersController#create as JSON
  Parameters: {"user"=>{"username"=>"dssdsaxc", "email"=>"dxcxcwa", "password"=>"[FILTERED]"}}
Can't verify CSRF token authenticity.
Completed 422 Unprocessable Entity in 5ms (ActiveRecord: 0.0ms)



ActionController::InvalidAuthenticityToken - ActionController::InvalidAuthenticityToken:

Started POST "/api/users" for ::1 at 2021-05-11 17:56:15 -0400
Processing by Api::UsersController#create as JSON
  Parameters: {"user"=>{"username"=>"ddxcxa", "email"=>"ssaasdfff", "password"=>"[FILTERED]"}}
Can't verify CSRF token authenticity.
Completed 422 Unprocessable Entity in 5ms (ActiveRecord: 0.0ms)



ActionController::InvalidAuthenticityToken - ActionController::InvalidAuthenticityToken:

Started GET "/" for ::1 at 2021-05-11 17:57:45 -0400
Processing by StaticPagesController#home as HTML
  Rendering static_pages/home.html.erb within layouts/application
  [1m[36mUser Load (2.3ms)[0m  [1m[34mSELECT  "users".* FROM "users" WHERE "users"."session_token" IS NULL LIMIT $1[0m  [["LIMIT", 1]]
  ↳ app/controllers/application_controller.rb:7
  Rendered static_pages/home.html.erb within layouts/application (24.7ms)
Completed 200 OK in 1549ms (Views: 1537.5ms | ActiveRecord: 5.9ms)


Started GET "/" for ::1 at 2021-05-11 17:58:18 -0400
Processing by StaticPagesController#home as HTML
  Rendering static_pages/home.html.erb within layouts/application
  [1m[36mUser Load (0.3ms)[0m  [1m[34mSELECT  "users".* FROM "users" WHERE "users"."session_token" IS NULL LIMIT $1[0m  [["LIMIT", 1]]
  ↳ app/controllers/application_controller.rb:7
  Rendered static_pages/home.html.erb within layouts/application (1.5ms)
Completed 200 OK in 325ms (Views: 320.9ms | ActiveRecord: 0.3ms)


Started POST "/api/users" for ::1 at 2021-05-11 17:58:23 -0400
Processing by Api::UsersController#create as JSON
  Parameters: {"user"=>{"username"=>"dd", "email"=>"ss", "password"=>"[FILTERED]"}}
  [1m[35m (0.2ms)[0m  [1m[35mBEGIN[0m
  ↳ app/controllers/api/users_controller.rb:5
  [1m[36mUser Exists (0.7ms)[0m  [1m[34mSELECT  1 AS one FROM "users" WHERE "users"."username" = $1 LIMIT $2[0m  [["username", "dd"], ["LIMIT", 1]]
  ↳ app/controllers/api/users_controller.rb:5
  [1m[35m (0.3ms)[0m  [1m[31mROLLBACK[0m
  ↳ app/controllers/api/users_controller.rb:5
Completed 422 Unprocessable Entity in 236ms (Views: 0.2ms | ActiveRecord: 8.1ms)


Started GET "/" for ::1 at 2021-05-11 17:59:29 -0400
Processing by StaticPagesController#home as HTML
  Rendering static_pages/home.html.erb within layouts/application
  [1m[36mUser Load (0.3ms)[0m  [1m[34mSELECT  "users".* FROM "users" WHERE "users"."session_token" IS NULL LIMIT $1[0m  [["LIMIT", 1]]
  ↳ app/controllers/application_controller.rb:7
  Rendered static_pages/home.html.erb within layouts/application (1.8ms)
Completed 200 OK in 322ms (Views: 318.7ms | ActiveRecord: 0.3ms)


Started GET "/" for ::1 at 2021-05-11 18:00:20 -0400
Processing by StaticPagesController#home as HTML
  Rendering static_pages/home.html.erb within layouts/application
  [1m[36mUser Load (0.3ms)[0m  [1m[34mSELECT  "users".* FROM "users" WHERE "users"."session_token" IS NULL LIMIT $1[0m  [["LIMIT", 1]]
  ↳ app/controllers/application_controller.rb:7
  Rendered static_pages/home.html.erb within layouts/application (1.8ms)
Completed 200 OK in 375ms (Views: 367.7ms | ActiveRecord: 0.3ms)


Started GET "/" for ::1 at 2021-05-11 18:01:09 -0400
Processing by StaticPagesController#home as HTML
  Rendering static_pages/home.html.erb within layouts/application
  [1m[36mUser Load (0.3ms)[0m  [1m[34mSELECT  "users".* FROM "users" WHERE "users"."session_token" IS NULL LIMIT $1[0m  [["LIMIT", 1]]
  ↳ app/controllers/application_controller.rb:7
  Rendered static_pages/home.html.erb within layouts/application (2.1ms)
Completed 200 OK in 392ms (Views: 388.0ms | ActiveRecord: 0.3ms)


Started GET "/" for ::1 at 2021-05-11 18:02:50 -0400
Processing by StaticPagesController#home as HTML
  Rendering static_pages/home.html.erb within layouts/application
  [1m[36mUser Load (0.4ms)[0m  [1m[34mSELECT  "users".* FROM "users" WHERE "users"."session_token" IS NULL LIMIT $1[0m  [["LIMIT", 1]]
  ↳ app/controllers/application_controller.rb:7
  Rendered static_pages/home.html.erb within layouts/application (1.6ms)
Completed 200 OK in 399ms (Views: 395.4ms | ActiveRecord: 0.4ms)


Started GET "/" for ::1 at 2021-05-11 18:02:54 -0400
Processing by StaticPagesController#home as HTML
  Rendering static_pages/home.html.erb within layouts/application
  [1m[36mUser Load (0.3ms)[0m  [1m[34mSELECT  "users".* FROM "users" WHERE "users"."session_token" IS NULL LIMIT $1[0m  [["LIMIT", 1]]
  ↳ app/controllers/application_controller.rb:7
  Rendered static_pages/home.html.erb within layouts/application (1.7ms)
Completed 200 OK in 19ms (Views: 16.7ms | ActiveRecord: 0.3ms)


Started GET "/" for ::1 at 2021-05-11 18:03:46 -0400
Processing by StaticPagesController#home as HTML
  Rendering static_pages/home.html.erb within layouts/application
  [1m[36mUser Load (0.8ms)[0m  [1m[34mSELECT  "users".* FROM "users" WHERE "users"."session_token" IS NULL LIMIT $1[0m  [["LIMIT", 1]]
  ↳ app/controllers/application_controller.rb:7
  Rendered static_pages/home.html.erb within layouts/application (3.4ms)
Completed 200 OK in 43ms (Views: 37.6ms | ActiveRecord: 1.0ms)


Started GET "/" for ::1 at 2021-05-11 18:05:10 -0400
Processing by StaticPagesController#home as HTML
  Rendering static_pages/home.html.erb within layouts/application
  [1m[36mUser Load (0.3ms)[0m  [1m[34mSELECT  "users".* FROM "users" WHERE "users"."session_token" IS NULL LIMIT $1[0m  [["LIMIT", 1]]
  ↳ app/controllers/application_controller.rb:7
  Rendered static_pages/home.html.erb within layouts/application (1.7ms)
Completed 200 OK in 355ms (Views: 350.9ms | ActiveRecord: 0.3ms)


Started POST "/api/users" for ::1 at 2021-05-11 18:05:17 -0400
Processing by Api::UsersController#create as JSON
  Parameters: {"user"=>{"username"=>"d", "email"=>"s", "password"=>"[FILTERED]"}}
  [1m[35m (0.2ms)[0m  [1m[35mBEGIN[0m
  ↳ app/controllers/api/users_controller.rb:5
  [1m[36mUser Exists (1.3ms)[0m  [1m[34mSELECT  1 AS one FROM "users" WHERE "users"."username" = $1 LIMIT $2[0m  [["username", "d"], ["LIMIT", 1]]
  ↳ app/controllers/api/users_controller.rb:5
  [1m[35m (0.2ms)[0m  [1m[31mROLLBACK[0m
  ↳ app/controllers/api/users_controller.rb:5
Completed 422 Unprocessable Entity in 216ms (Views: 0.2ms | ActiveRecord: 1.6ms)


Started GET "/" for ::1 at 2021-05-11 18:14:51 -0400
Processing by StaticPagesController#home as HTML
  Rendering static_pages/home.html.erb within layouts/application
  [1m[36mUser Load (0.8ms)[0m  [1m[34mSELECT  "users".* FROM "users" WHERE "users"."session_token" IS NULL LIMIT $1[0m  [["LIMIT", 1]]
  ↳ app/controllers/application_controller.rb:7
  Rendered static_pages/home.html.erb within layouts/application (11.3ms)
Completed 200 OK in 63ms (Views: 53.4ms | ActiveRecord: 5.0ms)


Started GET "/" for ::1 at 2021-05-11 18:19:32 -0400
Processing by StaticPagesController#home as HTML
  Rendering static_pages/home.html.erb within layouts/application
  [1m[36mUser Load (0.5ms)[0m  [1m[34mSELECT  "users".* FROM "users" WHERE "users"."session_token" IS NULL LIMIT $1[0m  [["LIMIT", 1]]
  ↳ app/controllers/application_controller.rb:7
  Rendered static_pages/home.html.erb within layouts/application (2.7ms)
Completed 200 OK in 398ms (Views: 392.9ms | ActiveRecord: 0.5ms)


Started GET "/" for ::1 at 2021-05-11 18:21:47 -0400
Processing by StaticPagesController#home as HTML
  Rendering static_pages/home.html.erb within layouts/application
  [1m[36mUser Load (0.4ms)[0m  [1m[34mSELECT  "users".* FROM "users" WHERE "users"."session_token" IS NULL LIMIT $1[0m  [["LIMIT", 1]]
  ↳ app/controllers/application_controller.rb:7
  Rendered static_pages/home.html.erb within layouts/application (3.2ms)
Completed 200 OK in 458ms (Views: 451.6ms | ActiveRecord: 0.4ms)


Started POST "/api/users" for ::1 at 2021-05-11 18:21:55 -0400
Processing by Api::UsersController#create as JSON
  Parameters: {"user"=>{"username"=>"ddsxzz", "email"=>"ssa", "password"=>"[FILTERED]"}}
  [1m[35m (0.2ms)[0m  [1m[35mBEGIN[0m
  ↳ app/controllers/api/users_controller.rb:5
  [1m[36mUser Exists (2.3ms)[0m  [1m[34mSELECT  1 AS one FROM "users" WHERE "users"."username" = $1 LIMIT $2[0m  [["username", "ddsxzz"], ["LIMIT", 1]]
  ↳ app/controllers/api/users_controller.rb:5
  [1m[35m (4.1ms)[0m  [1m[31mROLLBACK[0m
  ↳ app/controllers/api/users_controller.rb:5
Completed 422 Unprocessable Entity in 247ms (Views: 0.2ms | ActiveRecord: 13.4ms)


Started POST "/api/users" for ::1 at 2021-05-11 18:23:44 -0400
Processing by Api::UsersController#create as JSON
  Parameters: {"user"=>{"username"=>"minn", "email"=>"ssa", "password"=>"[FILTERED]"}}
  [1m[35m (0.2ms)[0m  [1m[35mBEGIN[0m
  ↳ app/controllers/api/users_controller.rb:5
  [1m[36mUser Exists (0.6ms)[0m  [1m[34mSELECT  1 AS one FROM "users" WHERE "users"."username" = $1 LIMIT $2[0m  [["username", "minn"], ["LIMIT", 1]]
  ↳ app/controllers/api/users_controller.rb:5
  [1m[36mUser Create (1.8ms)[0m  [1m[32mINSERT INTO "users" ("username", "email", "password_digest", "session_token", "created_at", "updated_at") VALUES ($1, $2, $3, $4, $5, $6) RETURNING "id"[0m  [["username", "minn"], ["email", "ssa"], ["password_digest", "$2a$12$sBYfcnVXQ3L2g4KqgTIcQODDTox2C91DRVifn1jcA4EaAn/xN68ZW"], ["session_token", "98uuDRY7QlHO7FFvrHSphw"], ["created_at", "2021-05-11 22:23:44.677068"], ["updated_at", "2021-05-11 22:23:44.677068"]]
  ↳ app/controllers/api/users_controller.rb:5
  [1m[35m (1.0ms)[0m  [1m[35mCOMMIT[0m
  ↳ app/controllers/api/users_controller.rb:5
  [1m[35m (1.2ms)[0m  [1m[35mBEGIN[0m
  ↳ app/models/user.rb:27
  [1m[36mUser Exists (0.6ms)[0m  [1m[34mSELECT  1 AS one FROM "users" WHERE "users"."username" = $1 AND "users"."id" != $2 LIMIT $3[0m  [["username", "minn"], ["id", 7], ["LIMIT", 1]]
  ↳ app/models/user.rb:27
  [1m[36mUser Update (0.7ms)[0m  [1m[33mUPDATE "users" SET "session_token" = $1, "updated_at" = $2 WHERE "users"."id" = $3[0m  [["session_token", "PueFdsxDuxKNcDb8oyQBXw"], ["updated_at", "2021-05-11 22:23:44.684865"], ["id", 7]]
  ↳ app/models/user.rb:27
  [1m[35m (0.3ms)[0m  [1m[35mCOMMIT[0m
  ↳ app/models/user.rb:27
Completed 500 Internal Server Error in 238ms (ActiveRecord: 6.2ms)



ActionView::MissingTemplate - Missing template api/users/show, application/show with {:locale=>[:en], :formats=>[:json], :variants=>[], :handlers=>[:raw, :erb, :html, :builder, :ruby, :coffee, :jbuilder]}. Searched in:
  * "/Users/minwang/Desktop/splitDice/splitDice/app/views":
  app/controllers/api/users_controller.rb:7:in `create'

  [1m[36mUser Load (2.6ms)[0m  [1m[34mSELECT "users".* FROM "users"[0m
Started POST "/api/session" for ::1 at 2021-05-11 18:24:51 -0400
Processing by Api::SessionsController#create as JSON
  Parameters: {"user"=>{"username"=>"minn", "email"=>"", "password"=>"[FILTERED]"}}
  [1m[36mUser Load (0.6ms)[0m  [1m[34mSELECT  "users".* FROM "users" WHERE "users"."username" = $1 LIMIT $2[0m  [["username", "minn"], ["LIMIT", 1]]
  ↳ app/models/user.rb:32
  [1m[35m (0.1ms)[0m  [1m[35mBEGIN[0m
  ↳ app/models/user.rb:27
  [1m[36mUser Exists (0.5ms)[0m  [1m[34mSELECT  1 AS one FROM "users" WHERE "users"."username" = $1 AND "users"."id" != $2 LIMIT $3[0m  [["username", "minn"], ["id", 7], ["LIMIT", 1]]
  ↳ app/models/user.rb:27
  [1m[36mUser Update (0.4ms)[0m  [1m[33mUPDATE "users" SET "session_token" = $1, "updated_at" = $2 WHERE "users"."id" = $3[0m  [["session_token", "ta_jLqqUnRcOoR6pFHj4iQ"], ["updated_at", "2021-05-11 22:24:52.161541"], ["id", 7]]
  ↳ app/models/user.rb:27
  [1m[35m (12.2ms)[0m  [1m[35mCOMMIT[0m
  ↳ app/models/user.rb:27
Completed 200 OK in 232ms (Views: 1.5ms | ActiveRecord: 13.9ms)


